#! /usr/local/bin/vvp
:ivl_version "13.0 (devel)" "(s20221226-559-gce7b26e3f)";
:ivl_delay_selection "TYPICAL";
:vpi_time_precision + 0;
:vpi_module "/usr/local/lib/ivl/system.vpi";
:vpi_module "/usr/local/lib/ivl/vhdl_sys.vpi";
:vpi_module "/usr/local/lib/ivl/vhdl_textio.vpi";
:vpi_module "/usr/local/lib/ivl/v2005_math.vpi";
:vpi_module "/usr/local/lib/ivl/va_math.vpi";
:vpi_module "/usr/local/lib/ivl/v2009.vpi";
S_0x22cb8d0 .scope package, "$unit" "$unit" 2 1;
 .timescale 0 0;
S_0x22cba60 .scope module, "instr_memory_tb" "instr_memory_tb" 3 1;
 .timescale 0 0;
P_0x22deae0 .param/l "ADDR_WIDTH" 0 3 4, +C4<00000000000000000000000000100000>;
P_0x22deb20 .param/l "DATA_WIDTH" 0 3 5, +C4<00000000000000000000000000100000>;
v0x23125e0_0 .net "Instruction", 31 0, v0x22b9eb0_0;  1 drivers
v0x23126d0_0 .var "Read_address", 31 0;
S_0x22e5450 .scope begin, "$ivl_for_loop0" "$ivl_for_loop0" 3 38, 3 38 0, S_0x22cba60;
 .timescale 0 0;
v0x22f0530_0 .var/2s "i", 31 0;
S_0x230ef00 .scope module, "uut" "instr_memory" 3 15, 4 1 0, S_0x22cba60;
 .timescale 0 0;
    .port_info 0 /INPUT 32 "Read_address";
    .port_info 1 /OUTPUT 32 "Instruction";
P_0x230f100 .param/l "ADDR_WIDTH" 0 4 2, +C4<00000000000000000000000000100000>;
P_0x230f140 .param/l "DATA_WIDTH" 0 4 3, +C4<00000000000000000000000000100000>;
P_0x230f180 .param/l "MEM_SIZE" 1 4 9, +C4<00000000000000000000000100000000>;
v0x22b9eb0_0 .var "Instruction", 31 0;
v0x230fba0_0 .net "Read_address", 31 0, v0x23126d0_0;  1 drivers
v0x230fc80 .array "mem", 256 0, 31 0;
v0x230fc80_0 .array/port v0x230fc80, 0;
v0x230fc80_1 .array/port v0x230fc80, 1;
v0x230fc80_2 .array/port v0x230fc80, 2;
v0x230fc80_3 .array/port v0x230fc80, 3;
E_0x22f36d0/0 .event anyedge, v0x230fc80_0, v0x230fc80_1, v0x230fc80_2, v0x230fc80_3;
v0x230fc80_4 .array/port v0x230fc80, 4;
v0x230fc80_5 .array/port v0x230fc80, 5;
v0x230fc80_6 .array/port v0x230fc80, 6;
v0x230fc80_7 .array/port v0x230fc80, 7;
E_0x22f36d0/1 .event anyedge, v0x230fc80_4, v0x230fc80_5, v0x230fc80_6, v0x230fc80_7;
v0x230fc80_8 .array/port v0x230fc80, 8;
v0x230fc80_9 .array/port v0x230fc80, 9;
v0x230fc80_10 .array/port v0x230fc80, 10;
v0x230fc80_11 .array/port v0x230fc80, 11;
E_0x22f36d0/2 .event anyedge, v0x230fc80_8, v0x230fc80_9, v0x230fc80_10, v0x230fc80_11;
v0x230fc80_12 .array/port v0x230fc80, 12;
v0x230fc80_13 .array/port v0x230fc80, 13;
v0x230fc80_14 .array/port v0x230fc80, 14;
v0x230fc80_15 .array/port v0x230fc80, 15;
E_0x22f36d0/3 .event anyedge, v0x230fc80_12, v0x230fc80_13, v0x230fc80_14, v0x230fc80_15;
v0x230fc80_16 .array/port v0x230fc80, 16;
v0x230fc80_17 .array/port v0x230fc80, 17;
v0x230fc80_18 .array/port v0x230fc80, 18;
v0x230fc80_19 .array/port v0x230fc80, 19;
E_0x22f36d0/4 .event anyedge, v0x230fc80_16, v0x230fc80_17, v0x230fc80_18, v0x230fc80_19;
v0x230fc80_20 .array/port v0x230fc80, 20;
v0x230fc80_21 .array/port v0x230fc80, 21;
v0x230fc80_22 .array/port v0x230fc80, 22;
v0x230fc80_23 .array/port v0x230fc80, 23;
E_0x22f36d0/5 .event anyedge, v0x230fc80_20, v0x230fc80_21, v0x230fc80_22, v0x230fc80_23;
v0x230fc80_24 .array/port v0x230fc80, 24;
v0x230fc80_25 .array/port v0x230fc80, 25;
v0x230fc80_26 .array/port v0x230fc80, 26;
v0x230fc80_27 .array/port v0x230fc80, 27;
E_0x22f36d0/6 .event anyedge, v0x230fc80_24, v0x230fc80_25, v0x230fc80_26, v0x230fc80_27;
v0x230fc80_28 .array/port v0x230fc80, 28;
v0x230fc80_29 .array/port v0x230fc80, 29;
v0x230fc80_30 .array/port v0x230fc80, 30;
v0x230fc80_31 .array/port v0x230fc80, 31;
E_0x22f36d0/7 .event anyedge, v0x230fc80_28, v0x230fc80_29, v0x230fc80_30, v0x230fc80_31;
v0x230fc80_32 .array/port v0x230fc80, 32;
v0x230fc80_33 .array/port v0x230fc80, 33;
v0x230fc80_34 .array/port v0x230fc80, 34;
v0x230fc80_35 .array/port v0x230fc80, 35;
E_0x22f36d0/8 .event anyedge, v0x230fc80_32, v0x230fc80_33, v0x230fc80_34, v0x230fc80_35;
v0x230fc80_36 .array/port v0x230fc80, 36;
v0x230fc80_37 .array/port v0x230fc80, 37;
v0x230fc80_38 .array/port v0x230fc80, 38;
v0x230fc80_39 .array/port v0x230fc80, 39;
E_0x22f36d0/9 .event anyedge, v0x230fc80_36, v0x230fc80_37, v0x230fc80_38, v0x230fc80_39;
v0x230fc80_40 .array/port v0x230fc80, 40;
v0x230fc80_41 .array/port v0x230fc80, 41;
v0x230fc80_42 .array/port v0x230fc80, 42;
v0x230fc80_43 .array/port v0x230fc80, 43;
E_0x22f36d0/10 .event anyedge, v0x230fc80_40, v0x230fc80_41, v0x230fc80_42, v0x230fc80_43;
v0x230fc80_44 .array/port v0x230fc80, 44;
v0x230fc80_45 .array/port v0x230fc80, 45;
v0x230fc80_46 .array/port v0x230fc80, 46;
v0x230fc80_47 .array/port v0x230fc80, 47;
E_0x22f36d0/11 .event anyedge, v0x230fc80_44, v0x230fc80_45, v0x230fc80_46, v0x230fc80_47;
v0x230fc80_48 .array/port v0x230fc80, 48;
v0x230fc80_49 .array/port v0x230fc80, 49;
v0x230fc80_50 .array/port v0x230fc80, 50;
v0x230fc80_51 .array/port v0x230fc80, 51;
E_0x22f36d0/12 .event anyedge, v0x230fc80_48, v0x230fc80_49, v0x230fc80_50, v0x230fc80_51;
v0x230fc80_52 .array/port v0x230fc80, 52;
v0x230fc80_53 .array/port v0x230fc80, 53;
v0x230fc80_54 .array/port v0x230fc80, 54;
v0x230fc80_55 .array/port v0x230fc80, 55;
E_0x22f36d0/13 .event anyedge, v0x230fc80_52, v0x230fc80_53, v0x230fc80_54, v0x230fc80_55;
v0x230fc80_56 .array/port v0x230fc80, 56;
v0x230fc80_57 .array/port v0x230fc80, 57;
v0x230fc80_58 .array/port v0x230fc80, 58;
v0x230fc80_59 .array/port v0x230fc80, 59;
E_0x22f36d0/14 .event anyedge, v0x230fc80_56, v0x230fc80_57, v0x230fc80_58, v0x230fc80_59;
v0x230fc80_60 .array/port v0x230fc80, 60;
v0x230fc80_61 .array/port v0x230fc80, 61;
v0x230fc80_62 .array/port v0x230fc80, 62;
v0x230fc80_63 .array/port v0x230fc80, 63;
E_0x22f36d0/15 .event anyedge, v0x230fc80_60, v0x230fc80_61, v0x230fc80_62, v0x230fc80_63;
v0x230fc80_64 .array/port v0x230fc80, 64;
v0x230fc80_65 .array/port v0x230fc80, 65;
v0x230fc80_66 .array/port v0x230fc80, 66;
v0x230fc80_67 .array/port v0x230fc80, 67;
E_0x22f36d0/16 .event anyedge, v0x230fc80_64, v0x230fc80_65, v0x230fc80_66, v0x230fc80_67;
v0x230fc80_68 .array/port v0x230fc80, 68;
v0x230fc80_69 .array/port v0x230fc80, 69;
v0x230fc80_70 .array/port v0x230fc80, 70;
v0x230fc80_71 .array/port v0x230fc80, 71;
E_0x22f36d0/17 .event anyedge, v0x230fc80_68, v0x230fc80_69, v0x230fc80_70, v0x230fc80_71;
v0x230fc80_72 .array/port v0x230fc80, 72;
v0x230fc80_73 .array/port v0x230fc80, 73;
v0x230fc80_74 .array/port v0x230fc80, 74;
v0x230fc80_75 .array/port v0x230fc80, 75;
E_0x22f36d0/18 .event anyedge, v0x230fc80_72, v0x230fc80_73, v0x230fc80_74, v0x230fc80_75;
v0x230fc80_76 .array/port v0x230fc80, 76;
v0x230fc80_77 .array/port v0x230fc80, 77;
v0x230fc80_78 .array/port v0x230fc80, 78;
v0x230fc80_79 .array/port v0x230fc80, 79;
E_0x22f36d0/19 .event anyedge, v0x230fc80_76, v0x230fc80_77, v0x230fc80_78, v0x230fc80_79;
v0x230fc80_80 .array/port v0x230fc80, 80;
v0x230fc80_81 .array/port v0x230fc80, 81;
v0x230fc80_82 .array/port v0x230fc80, 82;
v0x230fc80_83 .array/port v0x230fc80, 83;
E_0x22f36d0/20 .event anyedge, v0x230fc80_80, v0x230fc80_81, v0x230fc80_82, v0x230fc80_83;
v0x230fc80_84 .array/port v0x230fc80, 84;
v0x230fc80_85 .array/port v0x230fc80, 85;
v0x230fc80_86 .array/port v0x230fc80, 86;
v0x230fc80_87 .array/port v0x230fc80, 87;
E_0x22f36d0/21 .event anyedge, v0x230fc80_84, v0x230fc80_85, v0x230fc80_86, v0x230fc80_87;
v0x230fc80_88 .array/port v0x230fc80, 88;
v0x230fc80_89 .array/port v0x230fc80, 89;
v0x230fc80_90 .array/port v0x230fc80, 90;
v0x230fc80_91 .array/port v0x230fc80, 91;
E_0x22f36d0/22 .event anyedge, v0x230fc80_88, v0x230fc80_89, v0x230fc80_90, v0x230fc80_91;
v0x230fc80_92 .array/port v0x230fc80, 92;
v0x230fc80_93 .array/port v0x230fc80, 93;
v0x230fc80_94 .array/port v0x230fc80, 94;
v0x230fc80_95 .array/port v0x230fc80, 95;
E_0x22f36d0/23 .event anyedge, v0x230fc80_92, v0x230fc80_93, v0x230fc80_94, v0x230fc80_95;
v0x230fc80_96 .array/port v0x230fc80, 96;
v0x230fc80_97 .array/port v0x230fc80, 97;
v0x230fc80_98 .array/port v0x230fc80, 98;
v0x230fc80_99 .array/port v0x230fc80, 99;
E_0x22f36d0/24 .event anyedge, v0x230fc80_96, v0x230fc80_97, v0x230fc80_98, v0x230fc80_99;
v0x230fc80_100 .array/port v0x230fc80, 100;
v0x230fc80_101 .array/port v0x230fc80, 101;
v0x230fc80_102 .array/port v0x230fc80, 102;
v0x230fc80_103 .array/port v0x230fc80, 103;
E_0x22f36d0/25 .event anyedge, v0x230fc80_100, v0x230fc80_101, v0x230fc80_102, v0x230fc80_103;
v0x230fc80_104 .array/port v0x230fc80, 104;
v0x230fc80_105 .array/port v0x230fc80, 105;
v0x230fc80_106 .array/port v0x230fc80, 106;
v0x230fc80_107 .array/port v0x230fc80, 107;
E_0x22f36d0/26 .event anyedge, v0x230fc80_104, v0x230fc80_105, v0x230fc80_106, v0x230fc80_107;
v0x230fc80_108 .array/port v0x230fc80, 108;
v0x230fc80_109 .array/port v0x230fc80, 109;
v0x230fc80_110 .array/port v0x230fc80, 110;
v0x230fc80_111 .array/port v0x230fc80, 111;
E_0x22f36d0/27 .event anyedge, v0x230fc80_108, v0x230fc80_109, v0x230fc80_110, v0x230fc80_111;
v0x230fc80_112 .array/port v0x230fc80, 112;
v0x230fc80_113 .array/port v0x230fc80, 113;
v0x230fc80_114 .array/port v0x230fc80, 114;
v0x230fc80_115 .array/port v0x230fc80, 115;
E_0x22f36d0/28 .event anyedge, v0x230fc80_112, v0x230fc80_113, v0x230fc80_114, v0x230fc80_115;
v0x230fc80_116 .array/port v0x230fc80, 116;
v0x230fc80_117 .array/port v0x230fc80, 117;
v0x230fc80_118 .array/port v0x230fc80, 118;
v0x230fc80_119 .array/port v0x230fc80, 119;
E_0x22f36d0/29 .event anyedge, v0x230fc80_116, v0x230fc80_117, v0x230fc80_118, v0x230fc80_119;
v0x230fc80_120 .array/port v0x230fc80, 120;
v0x230fc80_121 .array/port v0x230fc80, 121;
v0x230fc80_122 .array/port v0x230fc80, 122;
v0x230fc80_123 .array/port v0x230fc80, 123;
E_0x22f36d0/30 .event anyedge, v0x230fc80_120, v0x230fc80_121, v0x230fc80_122, v0x230fc80_123;
v0x230fc80_124 .array/port v0x230fc80, 124;
v0x230fc80_125 .array/port v0x230fc80, 125;
v0x230fc80_126 .array/port v0x230fc80, 126;
v0x230fc80_127 .array/port v0x230fc80, 127;
E_0x22f36d0/31 .event anyedge, v0x230fc80_124, v0x230fc80_125, v0x230fc80_126, v0x230fc80_127;
v0x230fc80_128 .array/port v0x230fc80, 128;
v0x230fc80_129 .array/port v0x230fc80, 129;
v0x230fc80_130 .array/port v0x230fc80, 130;
v0x230fc80_131 .array/port v0x230fc80, 131;
E_0x22f36d0/32 .event anyedge, v0x230fc80_128, v0x230fc80_129, v0x230fc80_130, v0x230fc80_131;
v0x230fc80_132 .array/port v0x230fc80, 132;
v0x230fc80_133 .array/port v0x230fc80, 133;
v0x230fc80_134 .array/port v0x230fc80, 134;
v0x230fc80_135 .array/port v0x230fc80, 135;
E_0x22f36d0/33 .event anyedge, v0x230fc80_132, v0x230fc80_133, v0x230fc80_134, v0x230fc80_135;
v0x230fc80_136 .array/port v0x230fc80, 136;
v0x230fc80_137 .array/port v0x230fc80, 137;
v0x230fc80_138 .array/port v0x230fc80, 138;
v0x230fc80_139 .array/port v0x230fc80, 139;
E_0x22f36d0/34 .event anyedge, v0x230fc80_136, v0x230fc80_137, v0x230fc80_138, v0x230fc80_139;
v0x230fc80_140 .array/port v0x230fc80, 140;
v0x230fc80_141 .array/port v0x230fc80, 141;
v0x230fc80_142 .array/port v0x230fc80, 142;
v0x230fc80_143 .array/port v0x230fc80, 143;
E_0x22f36d0/35 .event anyedge, v0x230fc80_140, v0x230fc80_141, v0x230fc80_142, v0x230fc80_143;
v0x230fc80_144 .array/port v0x230fc80, 144;
v0x230fc80_145 .array/port v0x230fc80, 145;
v0x230fc80_146 .array/port v0x230fc80, 146;
v0x230fc80_147 .array/port v0x230fc80, 147;
E_0x22f36d0/36 .event anyedge, v0x230fc80_144, v0x230fc80_145, v0x230fc80_146, v0x230fc80_147;
v0x230fc80_148 .array/port v0x230fc80, 148;
v0x230fc80_149 .array/port v0x230fc80, 149;
v0x230fc80_150 .array/port v0x230fc80, 150;
v0x230fc80_151 .array/port v0x230fc80, 151;
E_0x22f36d0/37 .event anyedge, v0x230fc80_148, v0x230fc80_149, v0x230fc80_150, v0x230fc80_151;
v0x230fc80_152 .array/port v0x230fc80, 152;
v0x230fc80_153 .array/port v0x230fc80, 153;
v0x230fc80_154 .array/port v0x230fc80, 154;
v0x230fc80_155 .array/port v0x230fc80, 155;
E_0x22f36d0/38 .event anyedge, v0x230fc80_152, v0x230fc80_153, v0x230fc80_154, v0x230fc80_155;
v0x230fc80_156 .array/port v0x230fc80, 156;
v0x230fc80_157 .array/port v0x230fc80, 157;
v0x230fc80_158 .array/port v0x230fc80, 158;
v0x230fc80_159 .array/port v0x230fc80, 159;
E_0x22f36d0/39 .event anyedge, v0x230fc80_156, v0x230fc80_157, v0x230fc80_158, v0x230fc80_159;
v0x230fc80_160 .array/port v0x230fc80, 160;
v0x230fc80_161 .array/port v0x230fc80, 161;
v0x230fc80_162 .array/port v0x230fc80, 162;
v0x230fc80_163 .array/port v0x230fc80, 163;
E_0x22f36d0/40 .event anyedge, v0x230fc80_160, v0x230fc80_161, v0x230fc80_162, v0x230fc80_163;
v0x230fc80_164 .array/port v0x230fc80, 164;
v0x230fc80_165 .array/port v0x230fc80, 165;
v0x230fc80_166 .array/port v0x230fc80, 166;
v0x230fc80_167 .array/port v0x230fc80, 167;
E_0x22f36d0/41 .event anyedge, v0x230fc80_164, v0x230fc80_165, v0x230fc80_166, v0x230fc80_167;
v0x230fc80_168 .array/port v0x230fc80, 168;
v0x230fc80_169 .array/port v0x230fc80, 169;
v0x230fc80_170 .array/port v0x230fc80, 170;
v0x230fc80_171 .array/port v0x230fc80, 171;
E_0x22f36d0/42 .event anyedge, v0x230fc80_168, v0x230fc80_169, v0x230fc80_170, v0x230fc80_171;
v0x230fc80_172 .array/port v0x230fc80, 172;
v0x230fc80_173 .array/port v0x230fc80, 173;
v0x230fc80_174 .array/port v0x230fc80, 174;
v0x230fc80_175 .array/port v0x230fc80, 175;
E_0x22f36d0/43 .event anyedge, v0x230fc80_172, v0x230fc80_173, v0x230fc80_174, v0x230fc80_175;
v0x230fc80_176 .array/port v0x230fc80, 176;
v0x230fc80_177 .array/port v0x230fc80, 177;
v0x230fc80_178 .array/port v0x230fc80, 178;
v0x230fc80_179 .array/port v0x230fc80, 179;
E_0x22f36d0/44 .event anyedge, v0x230fc80_176, v0x230fc80_177, v0x230fc80_178, v0x230fc80_179;
v0x230fc80_180 .array/port v0x230fc80, 180;
v0x230fc80_181 .array/port v0x230fc80, 181;
v0x230fc80_182 .array/port v0x230fc80, 182;
v0x230fc80_183 .array/port v0x230fc80, 183;
E_0x22f36d0/45 .event anyedge, v0x230fc80_180, v0x230fc80_181, v0x230fc80_182, v0x230fc80_183;
v0x230fc80_184 .array/port v0x230fc80, 184;
v0x230fc80_185 .array/port v0x230fc80, 185;
v0x230fc80_186 .array/port v0x230fc80, 186;
v0x230fc80_187 .array/port v0x230fc80, 187;
E_0x22f36d0/46 .event anyedge, v0x230fc80_184, v0x230fc80_185, v0x230fc80_186, v0x230fc80_187;
v0x230fc80_188 .array/port v0x230fc80, 188;
v0x230fc80_189 .array/port v0x230fc80, 189;
v0x230fc80_190 .array/port v0x230fc80, 190;
v0x230fc80_191 .array/port v0x230fc80, 191;
E_0x22f36d0/47 .event anyedge, v0x230fc80_188, v0x230fc80_189, v0x230fc80_190, v0x230fc80_191;
v0x230fc80_192 .array/port v0x230fc80, 192;
v0x230fc80_193 .array/port v0x230fc80, 193;
v0x230fc80_194 .array/port v0x230fc80, 194;
v0x230fc80_195 .array/port v0x230fc80, 195;
E_0x22f36d0/48 .event anyedge, v0x230fc80_192, v0x230fc80_193, v0x230fc80_194, v0x230fc80_195;
v0x230fc80_196 .array/port v0x230fc80, 196;
v0x230fc80_197 .array/port v0x230fc80, 197;
v0x230fc80_198 .array/port v0x230fc80, 198;
v0x230fc80_199 .array/port v0x230fc80, 199;
E_0x22f36d0/49 .event anyedge, v0x230fc80_196, v0x230fc80_197, v0x230fc80_198, v0x230fc80_199;
v0x230fc80_200 .array/port v0x230fc80, 200;
v0x230fc80_201 .array/port v0x230fc80, 201;
v0x230fc80_202 .array/port v0x230fc80, 202;
v0x230fc80_203 .array/port v0x230fc80, 203;
E_0x22f36d0/50 .event anyedge, v0x230fc80_200, v0x230fc80_201, v0x230fc80_202, v0x230fc80_203;
v0x230fc80_204 .array/port v0x230fc80, 204;
v0x230fc80_205 .array/port v0x230fc80, 205;
v0x230fc80_206 .array/port v0x230fc80, 206;
v0x230fc80_207 .array/port v0x230fc80, 207;
E_0x22f36d0/51 .event anyedge, v0x230fc80_204, v0x230fc80_205, v0x230fc80_206, v0x230fc80_207;
v0x230fc80_208 .array/port v0x230fc80, 208;
v0x230fc80_209 .array/port v0x230fc80, 209;
v0x230fc80_210 .array/port v0x230fc80, 210;
v0x230fc80_211 .array/port v0x230fc80, 211;
E_0x22f36d0/52 .event anyedge, v0x230fc80_208, v0x230fc80_209, v0x230fc80_210, v0x230fc80_211;
v0x230fc80_212 .array/port v0x230fc80, 212;
v0x230fc80_213 .array/port v0x230fc80, 213;
v0x230fc80_214 .array/port v0x230fc80, 214;
v0x230fc80_215 .array/port v0x230fc80, 215;
E_0x22f36d0/53 .event anyedge, v0x230fc80_212, v0x230fc80_213, v0x230fc80_214, v0x230fc80_215;
v0x230fc80_216 .array/port v0x230fc80, 216;
v0x230fc80_217 .array/port v0x230fc80, 217;
v0x230fc80_218 .array/port v0x230fc80, 218;
v0x230fc80_219 .array/port v0x230fc80, 219;
E_0x22f36d0/54 .event anyedge, v0x230fc80_216, v0x230fc80_217, v0x230fc80_218, v0x230fc80_219;
v0x230fc80_220 .array/port v0x230fc80, 220;
v0x230fc80_221 .array/port v0x230fc80, 221;
v0x230fc80_222 .array/port v0x230fc80, 222;
v0x230fc80_223 .array/port v0x230fc80, 223;
E_0x22f36d0/55 .event anyedge, v0x230fc80_220, v0x230fc80_221, v0x230fc80_222, v0x230fc80_223;
v0x230fc80_224 .array/port v0x230fc80, 224;
v0x230fc80_225 .array/port v0x230fc80, 225;
v0x230fc80_226 .array/port v0x230fc80, 226;
v0x230fc80_227 .array/port v0x230fc80, 227;
E_0x22f36d0/56 .event anyedge, v0x230fc80_224, v0x230fc80_225, v0x230fc80_226, v0x230fc80_227;
v0x230fc80_228 .array/port v0x230fc80, 228;
v0x230fc80_229 .array/port v0x230fc80, 229;
v0x230fc80_230 .array/port v0x230fc80, 230;
v0x230fc80_231 .array/port v0x230fc80, 231;
E_0x22f36d0/57 .event anyedge, v0x230fc80_228, v0x230fc80_229, v0x230fc80_230, v0x230fc80_231;
v0x230fc80_232 .array/port v0x230fc80, 232;
v0x230fc80_233 .array/port v0x230fc80, 233;
v0x230fc80_234 .array/port v0x230fc80, 234;
v0x230fc80_235 .array/port v0x230fc80, 235;
E_0x22f36d0/58 .event anyedge, v0x230fc80_232, v0x230fc80_233, v0x230fc80_234, v0x230fc80_235;
v0x230fc80_236 .array/port v0x230fc80, 236;
v0x230fc80_237 .array/port v0x230fc80, 237;
v0x230fc80_238 .array/port v0x230fc80, 238;
v0x230fc80_239 .array/port v0x230fc80, 239;
E_0x22f36d0/59 .event anyedge, v0x230fc80_236, v0x230fc80_237, v0x230fc80_238, v0x230fc80_239;
v0x230fc80_240 .array/port v0x230fc80, 240;
v0x230fc80_241 .array/port v0x230fc80, 241;
v0x230fc80_242 .array/port v0x230fc80, 242;
v0x230fc80_243 .array/port v0x230fc80, 243;
E_0x22f36d0/60 .event anyedge, v0x230fc80_240, v0x230fc80_241, v0x230fc80_242, v0x230fc80_243;
v0x230fc80_244 .array/port v0x230fc80, 244;
v0x230fc80_245 .array/port v0x230fc80, 245;
v0x230fc80_246 .array/port v0x230fc80, 246;
v0x230fc80_247 .array/port v0x230fc80, 247;
E_0x22f36d0/61 .event anyedge, v0x230fc80_244, v0x230fc80_245, v0x230fc80_246, v0x230fc80_247;
v0x230fc80_248 .array/port v0x230fc80, 248;
v0x230fc80_249 .array/port v0x230fc80, 249;
v0x230fc80_250 .array/port v0x230fc80, 250;
v0x230fc80_251 .array/port v0x230fc80, 251;
E_0x22f36d0/62 .event anyedge, v0x230fc80_248, v0x230fc80_249, v0x230fc80_250, v0x230fc80_251;
v0x230fc80_252 .array/port v0x230fc80, 252;
v0x230fc80_253 .array/port v0x230fc80, 253;
v0x230fc80_254 .array/port v0x230fc80, 254;
v0x230fc80_255 .array/port v0x230fc80, 255;
E_0x22f36d0/63 .event anyedge, v0x230fc80_252, v0x230fc80_253, v0x230fc80_254, v0x230fc80_255;
v0x230fc80_256 .array/port v0x230fc80, 256;
E_0x22f36d0/64 .event anyedge, v0x230fc80_256;
E_0x22f36d0 .event/or E_0x22f36d0/0, E_0x22f36d0/1, E_0x22f36d0/2, E_0x22f36d0/3, E_0x22f36d0/4, E_0x22f36d0/5, E_0x22f36d0/6, E_0x22f36d0/7, E_0x22f36d0/8, E_0x22f36d0/9, E_0x22f36d0/10, E_0x22f36d0/11, E_0x22f36d0/12, E_0x22f36d0/13, E_0x22f36d0/14, E_0x22f36d0/15, E_0x22f36d0/16, E_0x22f36d0/17, E_0x22f36d0/18, E_0x22f36d0/19, E_0x22f36d0/20, E_0x22f36d0/21, E_0x22f36d0/22, E_0x22f36d0/23, E_0x22f36d0/24, E_0x22f36d0/25, E_0x22f36d0/26, E_0x22f36d0/27, E_0x22f36d0/28, E_0x22f36d0/29, E_0x22f36d0/30, E_0x22f36d0/31, E_0x22f36d0/32, E_0x22f36d0/33, E_0x22f36d0/34, E_0x22f36d0/35, E_0x22f36d0/36, E_0x22f36d0/37, E_0x22f36d0/38, E_0x22f36d0/39, E_0x22f36d0/40, E_0x22f36d0/41, E_0x22f36d0/42, E_0x22f36d0/43, E_0x22f36d0/44, E_0x22f36d0/45, E_0x22f36d0/46, E_0x22f36d0/47, E_0x22f36d0/48, E_0x22f36d0/49, E_0x22f36d0/50, E_0x22f36d0/51, E_0x22f36d0/52, E_0x22f36d0/53, E_0x22f36d0/54, E_0x22f36d0/55, E_0x22f36d0/56, E_0x22f36d0/57, E_0x22f36d0/58, E_0x22f36d0/59, E_0x22f36d0/60, E_0x22f36d0/61, E_0x22f36d0/62, E_0x22f36d0/63, E_0x22f36d0/64;
    .scope S_0x230ef00;
T_0 ;
    %vpi_call/w 4 15 "$readmemh", "instr_mem.hex", v0x230fc80, 32'sb00000000000000000000000000000000, 32'sb00000000000000000000000000000011 {0 0 0};
    %end;
    .thread T_0;
    .scope S_0x230ef00;
T_1 ;
    %wait E_0x22f36d0;
    %ix/load 4, 3, 0;
    %flag_set/imm 4, 0;
    %load/vec4a v0x230fc80, 4;
    %ix/load 4, 2, 0;
    %flag_set/imm 4, 0;
    %load/vec4a v0x230fc80, 4;
    %concat/vec4; draw_concat_vec4
    %ix/load 4, 1, 0;
    %flag_set/imm 4, 0;
    %load/vec4a v0x230fc80, 4;
    %concat/vec4; draw_concat_vec4
    %ix/load 4, 0, 0;
    %flag_set/imm 4, 0;
    %load/vec4a v0x230fc80, 4;
    %concat/vec4; draw_concat_vec4
    %pad/u 32;
    %assign/vec4 v0x22b9eb0_0, 0;
    %jmp T_1;
    .thread T_1, $push;
    .scope S_0x22cba60;
T_2 ;
    %vpi_call/w 3 28 "$dumpfile", "wave.vcd" {0 0 0};
    %vpi_call/w 3 29 "$dumpvars", 32'sb00000000000000000000000000000000, S_0x22cba60 {0 0 0};
    %end;
    .thread T_2;
    .scope S_0x22cba60;
T_3 ;
    %delay 10, 0;
    %fork t_1, S_0x22e5450;
    %jmp t_0;
    .scope S_0x22e5450;
t_1 ;
    %pushi/vec4 0, 0, 32;
    %store/vec4 v0x22f0530_0, 0, 32;
T_3.0 ; Top of for-loop
    %load/vec4 v0x22f0530_0;
    %cmpi/s 1, 0, 32;
	  %jmp/0xz T_3.1, 5;
    %load/vec4 v0x22f0530_0;
    %store/vec4 v0x23126d0_0, 0, 32;
    %delay 10, 0;
    %vpi_call/w 3 41 "$display", "Addr: %h, Data: %h", v0x23126d0_0, v0x23125e0_0 {0 0 0};
T_3.2 ; for-loop step statement
    ; show_stmt_assign_vector: Get l-value for compressed += operand
    %load/vec4 v0x22f0530_0;
    %pushi/vec4 1, 0, 32;
    %add;
    %cast2;
    %store/vec4 v0x22f0530_0, 0, 32;
    %jmp T_3.0;
T_3.1 ; for-loop exit label
    %end;
    .scope S_0x22cba60;
t_0 %join;
    %vpi_call/w 3 45 "$finish" {0 0 0};
    %end;
    .thread T_3;
# The file index is used to find the file name in the following table.
:file_names 5;
    "N/A";
    "<interactive>";
    "-";
    "testbenches/instr_memory_tb.sv";
    "instr_memory.sv";
